Compiling the C compiler identification source file "CMakeCCompilerId.c" failed.
Compiler: C:/nxp/MCUXpressoIDE_11.9.1_2170/ide/tools/bin/arm-none-eabi-gcc.exe 
Build flags: 
Id flags:  

The output was:
1
c:/nxp/mcuxpressoide_11.9.1_2170/ide/tools/bin/../lib/gcc/arm-none-eabi/12.3.1/../../../../arm-none-eabi/bin/ld.exe: c:/nxp/mcuxpressoide_11.9.1_2170/ide/tools/bin/../lib/gcc/arm-none-eabi/12.3.1\libc.a(libc_a-exit.o): in function `exit':
exit.c:(.text.exit+0x28): undefined reference to `_exit'
c:/nxp/mcuxpressoide_11.9.1_2170/ide/tools/bin/../lib/gcc/arm-none-eabi/12.3.1/../../../../arm-none-eabi/bin/ld.exe: c:/nxp/mcuxpressoide_11.9.1_2170/ide/tools/bin/../lib/gcc/arm-none-eabi/12.3.1\libc.a(libc_a-closer.o): in function `_close_r':
closer.c:(.text._close_r+0x18): undefined reference to `_close'
c:/nxp/mcuxpressoide_11.9.1_2170/ide/tools/bin/../lib/gcc/arm-none-eabi/12.3.1/../../../../arm-none-eabi/bin/ld.exe: c:/nxp/mcuxpressoide_11.9.1_2170/ide/tools/bin/../lib/gcc/arm-none-eabi/12.3.1\libc.a(libc_a-lseekr.o): in function `_lseek_r':
lseekr.c:(.text._lseek_r+0x24): undefined reference to `_lseek'
c:/nxp/mcuxpressoide_11.9.1_2170/ide/tools/bin/../lib/gcc/arm-none-eabi/12.3.1/../../../../arm-none-eabi/bin/ld.exe: c:/nxp/mcuxpressoide_11.9.1_2170/ide/tools/bin/../lib/gcc/arm-none-eabi/12.3.1\libc.a(libc_a-readr.o): in function `_read_r':
readr.c:(.text._read_r+0x24): undefined reference to `_read'
c:/nxp/mcuxpressoide_11.9.1_2170/ide/tools/bin/../lib/gcc/arm-none-eabi/12.3.1/../../../../arm-none-eabi/bin/ld.exe: c:/nxp/mcuxpressoide_11.9.1_2170/ide/tools/bin/../lib/gcc/arm-none-eabi/12.3.1\libc.a(libc_a-writer.o): in function `_write_r':
writer.c:(.text._write_r+0x24): undefined reference to `_write'
c:/nxp/mcuxpressoide_11.9.1_2170/ide/tools/bin/../lib/gcc/arm-none-eabi/12.3.1/../../../../arm-none-eabi/bin/ld.exe: c:/nxp/mcuxpressoide_11.9.1_2170/ide/tools/bin/../lib/gcc/arm-none-eabi/12.3.1\libc.a(libc_a-sbrkr.o): in function `_sbrk_r':
sbrkr.c:(.text._sbrk_r+0x18): undefined reference to `_sbrk'
collect2.exe: error: ld returned 1 exit status


Compiling the CXX compiler identification source file "CMakeCXXCompilerId.cpp" failed.
Compiler: C:/nxp/MCUXpressoIDE_11.9.1_2170/ide/tools/bin/arm-none-eabi-g++.exe 
Build flags: 
Id flags:  

The output was:
1
c:/nxp/mcuxpressoide_11.9.1_2170/ide/tools/bin/../lib/gcc/arm-none-eabi/12.3.1/../../../../arm-none-eabi/bin/ld.exe: c:/nxp/mcuxpressoide_11.9.1_2170/ide/tools/bin/../lib/gcc/arm-none-eabi/12.3.1\libc.a(libc_a-exit.o): in function `exit':
exit.c:(.text.exit+0x28): undefined reference to `_exit'
c:/nxp/mcuxpressoide_11.9.1_2170/ide/tools/bin/../lib/gcc/arm-none-eabi/12.3.1/../../../../arm-none-eabi/bin/ld.exe: c:/nxp/mcuxpressoide_11.9.1_2170/ide/tools/bin/../lib/gcc/arm-none-eabi/12.3.1\libc.a(libc_a-closer.o): in function `_close_r':
closer.c:(.text._close_r+0x18): undefined reference to `_close'
c:/nxp/mcuxpressoide_11.9.1_2170/ide/tools/bin/../lib/gcc/arm-none-eabi/12.3.1/../../../../arm-none-eabi/bin/ld.exe: c:/nxp/mcuxpressoide_11.9.1_2170/ide/tools/bin/../lib/gcc/arm-none-eabi/12.3.1\libc.a(libc_a-lseekr.o): in function `_lseek_r':
lseekr.c:(.text._lseek_r+0x24): undefined reference to `_lseek'
c:/nxp/mcuxpressoide_11.9.1_2170/ide/tools/bin/../lib/gcc/arm-none-eabi/12.3.1/../../../../arm-none-eabi/bin/ld.exe: c:/nxp/mcuxpressoide_11.9.1_2170/ide/tools/bin/../lib/gcc/arm-none-eabi/12.3.1\libc.a(libc_a-readr.o): in function `_read_r':
readr.c:(.text._read_r+0x24): undefined reference to `_read'
c:/nxp/mcuxpressoide_11.9.1_2170/ide/tools/bin/../lib/gcc/arm-none-eabi/12.3.1/../../../../arm-none-eabi/bin/ld.exe: c:/nxp/mcuxpressoide_11.9.1_2170/ide/tools/bin/../lib/gcc/arm-none-eabi/12.3.1\libc.a(libc_a-writer.o): in function `_write_r':
writer.c:(.text._write_r+0x24): undefined reference to `_write'
c:/nxp/mcuxpressoide_11.9.1_2170/ide/tools/bin/../lib/gcc/arm-none-eabi/12.3.1/../../../../arm-none-eabi/bin/ld.exe: c:/nxp/mcuxpressoide_11.9.1_2170/ide/tools/bin/../lib/gcc/arm-none-eabi/12.3.1\libc.a(libc_a-sbrkr.o): in function `_sbrk_r':
sbrkr.c:(.text._sbrk_r+0x18): undefined reference to `_sbrk'
collect2.exe: error: ld returned 1 exit status


